[DEBUG][21-02-25][org.apache.ibatis.logging.LogFactory]-Logging initialized using 'class org.apache.ibatis.logging.log4j.Log4jImpl' adapter.
[DEBUG][21-02-25][org.apache.ibatis.datasource.pooled.PooledDataSource]-PooledDataSource forcefully closed/removed all connections.
[DEBUG][21-02-25][org.apache.ibatis.datasource.pooled.PooledDataSource]-PooledDataSource forcefully closed/removed all connections.
[DEBUG][21-02-25][org.apache.ibatis.datasource.pooled.PooledDataSource]-PooledDataSource forcefully closed/removed all connections.
[DEBUG][21-02-25][org.apache.ibatis.datasource.pooled.PooledDataSource]-PooledDataSource forcefully closed/removed all connections.
[DEBUG][21-02-25][org.apache.ibatis.transaction.jdbc.JdbcTransaction]-Opening JDBC Connection
[DEBUG][21-02-25][org.apache.ibatis.datasource.pooled.PooledDataSource]-Created connection 292917034.
[DEBUG][21-02-25][org.apache.ibatis.transaction.jdbc.JdbcTransaction]-Setting autocommit to false on JDBC Connection [com.mysql.jdbc.JDBC4Connection@11758f2a]
[DEBUG][21-02-25][rich.zrc.mapper.StudentMapper.selectAll]-==>  Preparing: select * from student; 
[DEBUG][21-02-25][rich.zrc.mapper.StudentMapper.selectAll]-==> Parameters: 
[DEBUG][21-02-25][rich.zrc.mapper.StudentMapper.selectAll]-<==      Total: 10
[DEBUG][21-02-25][org.apache.ibatis.transaction.jdbc.JdbcTransaction]-Resetting autocommit to true on JDBC Connection [com.mysql.jdbc.JDBC4Connection@11758f2a]
[DEBUG][21-02-25][org.apache.ibatis.transaction.jdbc.JdbcTransaction]-Closing JDBC Connection [com.mysql.jdbc.JDBC4Connection@11758f2a]
[DEBUG][21-02-25][org.apache.ibatis.datasource.pooled.PooledDataSource]-Returned connection 292917034 to pool.
[DEBUG][21-02-25][org.apache.ibatis.logging.LogFactory]-Logging initialized using 'class org.apache.ibatis.logging.log4j.Log4jImpl' adapter.
[DEBUG][21-02-25][org.apache.ibatis.datasource.pooled.PooledDataSource]-PooledDataSource forcefully closed/removed all connections.
[DEBUG][21-02-25][org.apache.ibatis.datasource.pooled.PooledDataSource]-PooledDataSource forcefully closed/removed all connections.
[DEBUG][21-02-25][org.apache.ibatis.datasource.pooled.PooledDataSource]-PooledDataSource forcefully closed/removed all connections.
[DEBUG][21-02-25][org.apache.ibatis.datasource.pooled.PooledDataSource]-PooledDataSource forcefully closed/removed all connections.
[DEBUG][21-02-25][org.apache.ibatis.transaction.jdbc.JdbcTransaction]-Opening JDBC Connection
[DEBUG][21-02-25][org.apache.ibatis.datasource.pooled.PooledDataSource]-Created connection 1725017993.
[DEBUG][21-02-25][org.apache.ibatis.transaction.jdbc.JdbcTransaction]-Setting autocommit to false on JDBC Connection [com.mysql.jdbc.JDBC4Connection@66d1af89]
[DEBUG][21-02-25][rich.zrc.mapper.StudentMapper.selectAll]-==>  Preparing: select * from student; 
[DEBUG][21-02-25][rich.zrc.mapper.StudentMapper.selectAll]-==> Parameters: 
[DEBUG][21-02-25][rich.zrc.mapper.StudentMapper.selectAll]-<==      Total: 10
[DEBUG][21-02-25][org.apache.ibatis.logging.LogFactory]-Logging initialized using 'class org.apache.ibatis.logging.log4j.Log4jImpl' adapter.
[DEBUG][21-02-25][org.apache.ibatis.datasource.pooled.PooledDataSource]-PooledDataSource forcefully closed/removed all connections.
[DEBUG][21-02-25][org.apache.ibatis.datasource.pooled.PooledDataSource]-PooledDataSource forcefully closed/removed all connections.
[DEBUG][21-02-25][org.apache.ibatis.datasource.pooled.PooledDataSource]-PooledDataSource forcefully closed/removed all connections.
[DEBUG][21-02-25][org.apache.ibatis.datasource.pooled.PooledDataSource]-PooledDataSource forcefully closed/removed all connections.
[DEBUG][21-02-25][org.apache.ibatis.transaction.jdbc.JdbcTransaction]-Opening JDBC Connection
[DEBUG][21-02-25][org.apache.ibatis.datasource.pooled.PooledDataSource]-Created connection 926370398.
[DEBUG][21-02-25][org.apache.ibatis.transaction.jdbc.JdbcTransaction]-Setting autocommit to false on JDBC Connection [com.mysql.jdbc.JDBC4Connection@37374a5e]
[DEBUG][21-02-25][rich.zrc.mapper.StudentMapper.selectStudentById]-==>  Preparing: select * from student where id = ?; 
[DEBUG][21-02-25][rich.zrc.mapper.StudentMapper.selectStudentById]-==> Parameters: 1(Integer)
[DEBUG][21-02-25][rich.zrc.mapper.StudentMapper.selectStudentById]-<==      Total: 1
[DEBUG][21-02-25][org.apache.ibatis.logging.LogFactory]-Logging initialized using 'class org.apache.ibatis.logging.log4j.Log4jImpl' adapter.
[DEBUG][21-02-25][org.apache.ibatis.datasource.pooled.PooledDataSource]-PooledDataSource forcefully closed/removed all connections.
[DEBUG][21-02-25][org.apache.ibatis.datasource.pooled.PooledDataSource]-PooledDataSource forcefully closed/removed all connections.
[DEBUG][21-02-25][org.apache.ibatis.datasource.pooled.PooledDataSource]-PooledDataSource forcefully closed/removed all connections.
[DEBUG][21-02-25][org.apache.ibatis.datasource.pooled.PooledDataSource]-PooledDataSource forcefully closed/removed all connections.
[DEBUG][21-02-25][org.apache.ibatis.transaction.jdbc.JdbcTransaction]-Opening JDBC Connection
[DEBUG][21-02-25][org.apache.ibatis.datasource.pooled.PooledDataSource]-Created connection 767010715.
[DEBUG][21-02-25][org.apache.ibatis.transaction.jdbc.JdbcTransaction]-Setting autocommit to false on JDBC Connection [com.mysql.jdbc.JDBC4Connection@2db7a79b]
[DEBUG][21-02-25][rich.zrc.mapper.StudentMapper.selectStudentBNameAndAge]-==>  Preparing: select * from student where name = ? or age = ?; 
[DEBUG][21-02-25][rich.zrc.mapper.StudentMapper.selectStudentBNameAndAge]-==> Parameters: 张某(String), 1(Integer)
[DEBUG][21-02-25][rich.zrc.mapper.StudentMapper.selectStudentBNameAndAge]-<==      Total: 1
[DEBUG][21-02-25][org.apache.ibatis.transaction.jdbc.JdbcTransaction]-Resetting autocommit to true on JDBC Connection [com.mysql.jdbc.JDBC4Connection@2db7a79b]
[DEBUG][21-02-25][org.apache.ibatis.transaction.jdbc.JdbcTransaction]-Closing JDBC Connection [com.mysql.jdbc.JDBC4Connection@2db7a79b]
[DEBUG][21-02-25][org.apache.ibatis.datasource.pooled.PooledDataSource]-Returned connection 767010715 to pool.
[DEBUG][21-02-25][org.apache.ibatis.logging.LogFactory]-Logging initialized using 'class org.apache.ibatis.logging.log4j.Log4jImpl' adapter.
[DEBUG][21-02-25][org.apache.ibatis.datasource.pooled.PooledDataSource]-PooledDataSource forcefully closed/removed all connections.
[DEBUG][21-02-25][org.apache.ibatis.datasource.pooled.PooledDataSource]-PooledDataSource forcefully closed/removed all connections.
[DEBUG][21-02-25][org.apache.ibatis.datasource.pooled.PooledDataSource]-PooledDataSource forcefully closed/removed all connections.
[DEBUG][21-02-25][org.apache.ibatis.datasource.pooled.PooledDataSource]-PooledDataSource forcefully closed/removed all connections.
[DEBUG][21-02-25][org.apache.ibatis.transaction.jdbc.JdbcTransaction]-Opening JDBC Connection
[DEBUG][21-02-25][org.apache.ibatis.datasource.pooled.PooledDataSource]-Created connection 1725017993.
[DEBUG][21-02-25][org.apache.ibatis.transaction.jdbc.JdbcTransaction]-Setting autocommit to false on JDBC Connection [com.mysql.jdbc.JDBC4Connection@66d1af89]
[DEBUG][21-02-25][rich.zrc.mapper.StudentMapper.selectAll]-==>  Preparing: select * from student; 
[DEBUG][21-02-25][rich.zrc.mapper.StudentMapper.selectAll]-==> Parameters: 
[DEBUG][21-02-25][rich.zrc.mapper.StudentMapper.selectAll]-<==      Total: 10
[DEBUG][21-02-25][org.apache.ibatis.transaction.jdbc.JdbcTransaction]-Resetting autocommit to true on JDBC Connection [com.mysql.jdbc.JDBC4Connection@66d1af89]
[DEBUG][21-02-25][org.apache.ibatis.transaction.jdbc.JdbcTransaction]-Closing JDBC Connection [com.mysql.jdbc.JDBC4Connection@66d1af89]
[DEBUG][21-02-25][org.apache.ibatis.datasource.pooled.PooledDataSource]-Returned connection 1725017993 to pool.
[DEBUG][21-02-25][org.apache.ibatis.logging.LogFactory]-Logging initialized using 'class org.apache.ibatis.logging.log4j.Log4jImpl' adapter.
[DEBUG][21-02-25][org.apache.ibatis.datasource.pooled.PooledDataSource]-PooledDataSource forcefully closed/removed all connections.
[DEBUG][21-02-25][org.apache.ibatis.datasource.pooled.PooledDataSource]-PooledDataSource forcefully closed/removed all connections.
[DEBUG][21-02-25][org.apache.ibatis.datasource.pooled.PooledDataSource]-PooledDataSource forcefully closed/removed all connections.
[DEBUG][21-02-25][org.apache.ibatis.datasource.pooled.PooledDataSource]-PooledDataSource forcefully closed/removed all connections.
[DEBUG][21-02-25][org.apache.ibatis.transaction.jdbc.JdbcTransaction]-Opening JDBC Connection
[DEBUG][21-02-25][org.apache.ibatis.datasource.pooled.PooledDataSource]-Created connection 1181869371.
[DEBUG][21-02-25][org.apache.ibatis.transaction.jdbc.JdbcTransaction]-Setting autocommit to false on JDBC Connection [com.mysql.jdbc.JDBC4Connection@4671e53b]
[DEBUG][21-02-25][rich.zrc.mapper.StudentMapper.selectStudentByObject]-==>  Preparing: select * from student where name = ? or age = ?; 
[DEBUG][21-02-25][rich.zrc.mapper.StudentMapper.selectStudentByObject]-==> Parameters: 学生3(String), 10(Integer)
[DEBUG][21-02-25][rich.zrc.mapper.StudentMapper.selectStudentByObject]-<==      Total: 2
[DEBUG][21-02-25][org.apache.ibatis.transaction.jdbc.JdbcTransaction]-Resetting autocommit to true on JDBC Connection [com.mysql.jdbc.JDBC4Connection@4671e53b]
[DEBUG][21-02-25][org.apache.ibatis.transaction.jdbc.JdbcTransaction]-Closing JDBC Connection [com.mysql.jdbc.JDBC4Connection@4671e53b]
[DEBUG][21-02-25][org.apache.ibatis.datasource.pooled.PooledDataSource]-Returned connection 1181869371 to pool.
